2025-10-14T13:55:11.439-03:00  INFO 18716 --- [Task Manager Backend] [main] c.e.t.TaskManagerBackendApplicationTests : Starting TaskManagerBackendApplicationTests using Java 17.0.7 with PID 18716 (started by edson in C:\ws-portfolio\task-manager-app\backend)
2025-10-14T13:55:11.449-03:00 DEBUG 18716 --- [Task Manager Backend] [main] c.e.t.TaskManagerBackendApplicationTests : Running with Spring Boot v3.5.6, Spring v6.2.11
2025-10-14T13:55:11.450-03:00  INFO 18716 --- [Task Manager Backend] [main] c.e.t.TaskManagerBackendApplicationTests : No active profile set, falling back to 1 default profile: "default"
2025-10-14T13:55:11.811-03:00  INFO 18716 --- [Task Manager Backend] [main] .s.d.r.c.RepositoryConfigurationDelegate : Bootstrapping Spring Data JPA repositories in DEFAULT mode.
2025-10-14T13:55:11.855-03:00  INFO 18716 --- [Task Manager Backend] [main] .s.d.r.c.RepositoryConfigurationDelegate : Finished Spring Data repository scanning in 33 ms. Found 2 JPA repository interfaces.
2025-10-14T13:55:12.090-03:00  INFO 18716 --- [Task Manager Backend] [main] o.hibernate.jpa.internal.util.LogHelper  : HHH000204: Processing PersistenceUnitInfo [name: default]
2025-10-14T13:55:12.096-03:00  INFO 18716 --- [Task Manager Backend] [main] o.h.c.internal.RegionFactoryInitiator    : HHH000026: Second-level cache disabled
2025-10-14T13:55:12.120-03:00  INFO 18716 --- [Task Manager Backend] [main] o.s.o.j.p.SpringPersistenceUnitInfo      : No LoadTimeWeaver setup: ignoring JPA class transformer
2025-10-14T13:55:12.123-03:00  INFO 18716 --- [Task Manager Backend] [main] com.zaxxer.hikari.HikariDataSource       : HikariPool-12 - Starting...
2025-10-14T13:55:12.128-03:00  INFO 18716 --- [Task Manager Backend] [main] com.zaxxer.hikari.pool.HikariPool        : HikariPool-12 - Added connection conn91: url=jdbc:h2:mem:eb643ec7-0c24-4e17-805e-17d6cf9226cb user=SA
2025-10-14T13:55:12.130-03:00  INFO 18716 --- [Task Manager Backend] [main] com.zaxxer.hikari.HikariDataSource       : HikariPool-12 - Start completed.
2025-10-14T13:55:12.190-03:00  INFO 18716 --- [Task Manager Backend] [main] org.hibernate.orm.connections.pooling    : HHH10001005: Database info:
	Database JDBC URL [Connecting through datasource 'HikariDataSource (HikariPool-12)']
	Database driver: undefined/unknown
	Database version: 2.3.232
	Autocommit mode: undefined/unknown
	Isolation level: undefined/unknown
	Minimum pool size: undefined/unknown
	Maximum pool size: undefined/unknown
2025-10-14T13:55:12.271-03:00  INFO 18716 --- [Task Manager Backend] [main] o.h.e.t.j.p.i.JtaPlatformInitiator       : HHH000489: No JTA platform available (set 'hibernate.transaction.jta.platform' to enable JTA platform integration)
2025-10-14T13:55:12.315-03:00  INFO 18716 --- [Task Manager Backend] [main] j.LocalContainerEntityManagerFactoryBean : Initialized JPA EntityManagerFactory for persistence unit 'default'
2025-10-14T13:55:12.491-03:00  WARN 18716 --- [Task Manager Backend] [main] JpaBaseConfiguration$JpaWebConfiguration : spring.jpa.open-in-view is enabled by default. Therefore, database queries may be performed during view rendering. Explicitly configure spring.jpa.open-in-view to disable this warning
2025-10-14T13:55:12.697-03:00  WARN 18716 --- [Task Manager Backend] [main] .s.s.UserDetailsServiceAutoConfiguration : 

Using generated security password: 40295d00-4828-4187-a2e3-ee27f89460de

This generated password is for development use only. Your security configuration must be updated before running your application in production.

2025-10-14T13:55:12.699-03:00  INFO 18716 --- [Task Manager Backend] [main] r$InitializeUserDetailsManagerConfigurer : Global AuthenticationManager configured with UserDetailsService bean with name inMemoryUserDetailsManager
2025-10-14T13:55:12.788-03:00  INFO 18716 --- [Task Manager Backend] [main] c.e.t.TaskManagerBackendApplicationTests : Started TaskManagerBackendApplicationTests in 1.437 seconds (process running for 24.04)
2025-10-14T13:55:12.877-03:00  INFO 18716 --- [Task Manager Backend] [SpringApplicationShutdownHook] j.LocalContainerEntityManagerFactoryBean : Closing JPA EntityManagerFactory for persistence unit 'default'
2025-10-14T13:55:12.879-03:00  INFO 18716 --- [Task Manager Backend] [SpringApplicationShutdownHook] com.zaxxer.hikari.HikariDataSource       : HikariPool-12 - Shutdown initiated...
2025-10-14T13:55:12.882-03:00  INFO 18716 --- [Task Manager Backend] [SpringApplicationShutdownHook] com.zaxxer.hikari.HikariDataSource       : HikariPool-12 - Shutdown completed.
2025-10-14T13:57:59.201-03:00  INFO 27944 --- [Task Manager Backend] [main] c.e.t.TaskManagerBackendApplicationTests : Starting TaskManagerBackendApplicationTests using Java 17.0.7 with PID 27944 (started by edson in C:\ws-portfolio\task-manager-app\backend)
2025-10-14T13:57:59.203-03:00 DEBUG 27944 --- [Task Manager Backend] [main] c.e.t.TaskManagerBackendApplicationTests : Running with Spring Boot v3.5.6, Spring v6.2.11
2025-10-14T13:57:59.205-03:00  INFO 27944 --- [Task Manager Backend] [main] c.e.t.TaskManagerBackendApplicationTests : No active profile set, falling back to 1 default profile: "default"
2025-10-14T13:57:59.545-03:00  INFO 27944 --- [Task Manager Backend] [main] .s.d.r.c.RepositoryConfigurationDelegate : Bootstrapping Spring Data JPA repositories in DEFAULT mode.
2025-10-14T13:57:59.583-03:00  INFO 27944 --- [Task Manager Backend] [main] .s.d.r.c.RepositoryConfigurationDelegate : Finished Spring Data repository scanning in 34 ms. Found 2 JPA repository interfaces.
2025-10-14T13:57:59.792-03:00  INFO 27944 --- [Task Manager Backend] [main] o.hibernate.jpa.internal.util.LogHelper  : HHH000204: Processing PersistenceUnitInfo [name: default]
2025-10-14T13:57:59.801-03:00  INFO 27944 --- [Task Manager Backend] [main] o.h.c.internal.RegionFactoryInitiator    : HHH000026: Second-level cache disabled
2025-10-14T13:57:59.827-03:00  INFO 27944 --- [Task Manager Backend] [main] o.s.o.j.p.SpringPersistenceUnitInfo      : No LoadTimeWeaver setup: ignoring JPA class transformer
2025-10-14T13:57:59.830-03:00  INFO 27944 --- [Task Manager Backend] [main] com.zaxxer.hikari.HikariDataSource       : HikariPool-12 - Starting...
2025-10-14T13:57:59.838-03:00  INFO 27944 --- [Task Manager Backend] [main] com.zaxxer.hikari.pool.HikariPool        : HikariPool-12 - Added connection conn79: url=jdbc:h2:mem:46595948-da2d-47b0-9f0a-9e14e2943b47 user=SA
2025-10-14T13:57:59.840-03:00  INFO 27944 --- [Task Manager Backend] [main] com.zaxxer.hikari.HikariDataSource       : HikariPool-12 - Start completed.
2025-10-14T13:57:59.896-03:00  INFO 27944 --- [Task Manager Backend] [main] org.hibernate.orm.connections.pooling    : HHH10001005: Database info:
	Database JDBC URL [Connecting through datasource 'HikariDataSource (HikariPool-12)']
	Database driver: undefined/unknown
	Database version: 2.3.232
	Autocommit mode: undefined/unknown
	Isolation level: undefined/unknown
	Minimum pool size: undefined/unknown
	Maximum pool size: undefined/unknown
2025-10-14T13:57:59.950-03:00  INFO 27944 --- [Task Manager Backend] [main] o.h.e.t.j.p.i.JtaPlatformInitiator       : HHH000489: No JTA platform available (set 'hibernate.transaction.jta.platform' to enable JTA platform integration)
2025-10-14T13:57:59.989-03:00  INFO 27944 --- [Task Manager Backend] [main] j.LocalContainerEntityManagerFactoryBean : Initialized JPA EntityManagerFactory for persistence unit 'default'
2025-10-14T13:58:00.192-03:00  WARN 27944 --- [Task Manager Backend] [main] JpaBaseConfiguration$JpaWebConfiguration : spring.jpa.open-in-view is enabled by default. Therefore, database queries may be performed during view rendering. Explicitly configure spring.jpa.open-in-view to disable this warning
2025-10-14T13:58:00.399-03:00  WARN 27944 --- [Task Manager Backend] [main] .s.s.UserDetailsServiceAutoConfiguration : 

Using generated security password: 6a50618f-e5b6-489c-bac0-29c6d48dc53b

This generated password is for development use only. Your security configuration must be updated before running your application in production.

2025-10-14T13:58:00.402-03:00  INFO 27944 --- [Task Manager Backend] [main] r$InitializeUserDetailsManagerConfigurer : Global AuthenticationManager configured with UserDetailsService bean with name inMemoryUserDetailsManager
2025-10-14T13:58:00.467-03:00  INFO 27944 --- [Task Manager Backend] [main] c.e.t.TaskManagerBackendApplicationTests : Started TaskManagerBackendApplicationTests in 1.329 seconds (process running for 18.942)
2025-10-14T13:58:00.517-03:00  INFO 27944 --- [Task Manager Backend] [SpringApplicationShutdownHook] j.LocalContainerEntityManagerFactoryBean : Closing JPA EntityManagerFactory for persistence unit 'default'
2025-10-14T13:58:00.518-03:00  INFO 27944 --- [Task Manager Backend] [SpringApplicationShutdownHook] com.zaxxer.hikari.HikariDataSource       : HikariPool-12 - Shutdown initiated...
2025-10-14T13:58:00.520-03:00  INFO 27944 --- [Task Manager Backend] [SpringApplicationShutdownHook] com.zaxxer.hikari.HikariDataSource       : HikariPool-12 - Shutdown completed.
